
2022/09/02 (13:03:22) | ===> btop++ v.1.2.9
2022/09/02 (13:03:22) | ERROR: Invalid RGB decimal value: "ba1a84"

2022/09/05 (18:51:51) | ===> btop++ v.1.2.9
2022/09/05 (18:51:51) | ERROR: Stall in Runner thread, restarting!

2024/07/12 (03:54:10) | ===> btop++ v.1.3.2
2024/07/12 (03:54:10) | WARNING: NVML: Failed to get maximum GPU power draw, defaulting to 225W: Not Supported

2024/07/12 (03:56:02) | ===> btop++ v.1.3.2
2024/07/12 (03:56:02) | WARNING: NVML: Failed to get maximum GPU power draw, defaulting to 225W: Not Supported

2024/07/12 (03:56:15) | ===> btop++ v.1.3.2
2024/07/12 (03:56:15) | WARNING: NVML: Failed to get maximum GPU power draw, defaulting to 225W: Not Supported

2024/07/12 (03:56:34) | ===> btop++ v.1.3.2
2024/07/12 (03:56:34) | WARNING: NVML: Failed to get maximum GPU power draw, defaulting to 225W: Not Supported

2024/07/12 (03:56:57) | ===> btop++ v.1.3.2
2024/07/12 (03:56:57) | WARNING: NVML: Failed to get maximum GPU power draw, defaulting to 225W: Not Supported

2024/07/12 (03:57:36) | ===> btop++ v.1.3.2
2024/07/12 (03:57:36) | WARNING: NVML: Failed to get maximum GPU power draw, defaulting to 225W: Not Supported

2024/07/14 (23:51:56) | ===> btop++ v.1.3.2
2024/07/14 (23:51:56) | WARNING: NVML: Failed to get maximum GPU power draw, defaulting to 225W: Not Supported

2024/07/14 (23:53:33) | ===> btop++ v.1.3.2
2024/07/14 (23:53:33) | WARNING: NVML: Failed to get maximum GPU power draw, defaulting to 225W: Not Supported

2024/07/15 (21:01:21) | ===> btop++ v.1.3.2
2024/07/15 (21:01:21) | WARNING: NVML: Failed to get maximum GPU power draw, defaulting to 225W: Not Supported

2024/07/15 (21:03:15) | ===> btop++ v.1.3.2
2024/07/15 (21:03:15) | WARNING: NVML: Failed to get maximum GPU power draw, defaulting to 225W: Not Supported

2024/07/18 (08:47:53) | ===> btop++ v.1.3.2
2024/07/18 (08:47:53) | WARNING: NVML: Failed to get maximum GPU power draw, defaulting to 225W: Not Supported

2024/07/18 (09:16:40) | ===> btop++ v.1.3.2
2024/07/18 (09:16:40) | WARNING: NVML: Failed to get maximum GPU power draw, defaulting to 225W: Not Supported
2024/07/18 (09:18:52) | ERROR: Exception during Config::unlock() : unordered_map::at
