2024-07-02 06:51:47 Loading main app package /usr/lib/obsidian/obsidian.asar
2024-07-02 06:51:47 Checking for update using Github
2024-07-02 06:51:48 Success.
2024-07-02 06:51:48 Latest version is 1.6.5
2024-07-02 06:51:48 App is up to date.
2024-07-02 06:52:17 Loading main app package /usr/lib/obsidian/obsidian.asar
2024-07-02 06:52:17 Checking for update using Github
2024-07-02 06:52:17 Success.
2024-07-02 06:52:17 Latest version is 1.6.5
2024-07-02 06:52:17 App is up to date.
2024-07-02 07:52:17 Checking for update using Github
2024-07-02 07:52:18 Success.
2024-07-02 07:52:18 Latest version is 1.6.5
2024-07-02 07:52:18 App is up to date.
2024-07-03 16:36:47 Loading main app package /usr/lib/obsidian/obsidian.asar
2024-07-03 16:36:47 Checking for update using Github
2024-07-03 16:36:47 Success.
2024-07-03 16:36:47 Latest version is 1.6.5
2024-07-03 16:36:47 App is up to date.
2024-07-03 17:36:47 Checking for update using Github
2024-07-03 17:36:47 Success.
2024-07-03 17:36:47 Latest version is 1.6.5
2024-07-03 17:36:47 App is up to date.
2024-07-03 21:50:16 Loading main app package /usr/lib/obsidian/obsidian.asar
2024-07-03 21:50:17 Checking for update using Github
2024-07-03 21:50:17 Success.
2024-07-03 21:50:17 Latest version is 1.6.5
2024-07-03 21:50:17 App is up to date.
2024-07-03 22:46:06 Loading main app package /usr/lib/obsidian/obsidian.asar
2024-07-03 22:46:07 Checking for update using Github
2024-07-03 22:46:07 Success.
2024-07-03 22:46:07 Latest version is 1.6.5
2024-07-03 22:46:07 App is up to date.
2024-07-04 09:16:07 Loading main app package /usr/lib/obsidian/obsidian.asar
2024-07-04 09:16:08 Checking for update using Github
2024-07-04 09:16:09 Success.
2024-07-04 09:16:09 Latest version is 1.6.5
2024-07-04 09:16:09 App is up to date.
2024-07-04 17:01:16 Loading main app package /usr/lib/obsidian/obsidian.asar
2024-07-04 17:01:16 Checking for update using Github
2024-07-04 17:01:17 Success.
2024-07-04 17:01:17 Latest version is 1.6.5
2024-07-04 17:01:17 App is up to date.
2024-07-04 17:03:43 Loading main app package /usr/lib/obsidian/obsidian.asar
2024-07-04 17:03:44 Checking for update using Github
2024-07-04 17:03:44 Success.
2024-07-04 17:03:44 Latest version is 1.6.5
2024-07-04 17:03:44 App is up to date.
2024-07-04 18:03:43 Checking for update using Github
2024-07-04 18:03:43 Success.
2024-07-04 18:03:43 Latest version is 1.6.5
2024-07-04 18:03:43 App is up to date.
2024-07-04 19:03:43 Checking for update using Github
2024-07-04 19:03:43 Success.
2024-07-04 19:03:43 Latest version is 1.6.5
2024-07-04 19:03:43 App is up to date.
2024-07-05 05:10:02 Checking for update using Github
2024-07-05 05:10:02 Success.
2024-07-05 05:10:02 Latest version is 1.6.5
2024-07-05 05:10:02 App is up to date.
2024-07-05 05:52:28 Loading main app package /usr/lib/obsidian/obsidian.asar
2024-07-05 05:52:28 Checking for update using Github
2024-07-05 05:52:29 Success.
2024-07-05 05:52:29 Latest version is 1.6.5
2024-07-05 05:52:29 App is up to date.
2024-07-05 06:52:28 Checking for update using Github
2024-07-05 06:52:28 Success.
2024-07-05 06:52:28 Latest version is 1.6.5
2024-07-05 06:52:28 App is up to date.
2024-07-05 07:52:28 Checking for update using Github
2024-07-05 07:52:28 Success.
2024-07-05 07:52:28 Latest version is 1.6.5
2024-07-05 07:52:28 App is up to date.
2024-07-06 01:28:23 Loading main app package /usr/lib/obsidian/obsidian.asar
2024-07-06 01:28:23 Checking for update using Github
2024-07-06 01:28:24 Success.
2024-07-06 01:28:24 Latest version is 1.6.5
2024-07-06 01:28:24 App is up to date.
2024-07-06 02:28:23 Checking for update using Github
2024-07-06 02:28:23 Success.
2024-07-06 02:28:23 Latest version is 1.6.5
2024-07-06 02:28:23 App is up to date.
2024-07-06 03:16:22 Loading main app package /usr/lib/obsidian/obsidian.asar
2024-07-06 03:16:22 Checking for update using Github
2024-07-06 03:16:22 Success.
2024-07-06 03:16:22 Latest version is 1.6.5
2024-07-06 03:16:22 App is up to date.
2024-07-06 04:16:22 Checking for update using Github
2024-07-06 13:57:12 Loading main app package /usr/lib/obsidian/obsidian.asar
2024-07-06 13:57:12 Checking for update using Github
2024-07-06 13:57:13 Success.
2024-07-06 13:57:13 Latest version is 1.6.5
2024-07-06 13:57:13 App is up to date.
2024-07-06 14:36:28 Loading main app package /usr/lib/obsidian/obsidian.asar
2024-07-06 14:36:29 Checking for update using Github
2024-07-06 14:36:29 Success.
2024-07-06 14:36:29 Latest version is 1.6.5
2024-07-06 14:36:29 App is up to date.
2024-07-06 15:19:55 Loading main app package /usr/lib/obsidian/obsidian.asar
2024-07-06 15:19:56 Checking for update using Github
2024-07-06 15:19:56 Success.
2024-07-06 15:19:56 Latest version is 1.6.5
2024-07-06 15:19:56 App is up to date.
2024-07-06 15:32:53 Loading main app package /usr/lib/obsidian/obsidian.asar
2024-07-06 15:32:54 Checking for update using Github
2024-07-06 15:32:54 Success.
2024-07-06 15:32:54 Latest version is 1.6.5
2024-07-06 15:32:54 App is up to date.
2024-07-06 15:33:24 Loading main app package /usr/lib/obsidian/obsidian.asar
2024-07-06 15:33:25 Checking for update using Github
2024-07-06 15:33:25 Success.
2024-07-06 15:33:25 Latest version is 1.6.5
2024-07-06 15:33:25 App is up to date.
2024-07-06 16:32:37 Loading main app package /usr/lib/obsidian/obsidian.asar
2024-07-06 16:32:38 Checking for update using Github
2024-07-06 16:32:38 Success.
2024-07-06 16:32:38 Latest version is 1.6.5
2024-07-06 16:32:38 App is up to date.
2024-07-07 04:11:56 Loading main app package /usr/lib/obsidian/obsidian.asar
2024-07-07 04:11:57 Checking for update using Github
2024-07-07 04:11:59 Success.
2024-07-07 04:11:59 Latest version is 1.6.5
2024-07-07 04:11:59 App is up to date.
2024-07-07 05:11:57 Checking for update using Github
2024-07-07 05:11:57 Success.
2024-07-07 05:11:57 Latest version is 1.6.5
2024-07-07 05:11:57 App is up to date.
2024-07-07 06:33:14 Checking for update using Github
2024-07-07 06:33:14 Success.
2024-07-07 06:33:14 Latest version is 1.6.5
2024-07-07 06:33:14 App is up to date.
2024-07-07 07:33:14 Checking for update using Github
2024-07-07 07:33:14 Success.
2024-07-07 07:33:14 Latest version is 1.6.5
2024-07-07 07:33:14 App is up to date.
2024-07-07 08:52:19 Loading main app package /usr/lib/obsidian/obsidian.asar
2024-07-07 08:52:19 Checking for update using Github
2024-07-07 08:52:20 Success.
2024-07-07 08:52:20 Latest version is 1.6.5
2024-07-07 08:52:20 App is up to date.
2024-07-07 15:52:04 Loading main app package /usr/lib/obsidian/obsidian.asar
2024-07-07 15:52:04 Checking for update using Github
2024-07-07 15:52:05 Success.
2024-07-07 15:52:05 Latest version is 1.6.5
2024-07-07 15:52:05 App is up to date.
2024-07-07 16:52:04 Checking for update using Github
2024-07-07 16:52:04 Success.
2024-07-07 16:52:04 Latest version is 1.6.5
2024-07-07 16:52:04 App is up to date.
2024-07-07 16:59:00 Loading main app package /usr/lib/obsidian/obsidian.asar
2024-07-07 16:59:01 Checking for update using Github
2024-07-07 16:59:01 Success.
2024-07-07 16:59:01 Latest version is 1.6.5
2024-07-07 16:59:01 App is up to date.
2024-07-07 17:59:00 Checking for update using Github
2024-07-07 17:59:01 Success.
2024-07-07 17:59:01 Latest version is 1.6.5
2024-07-07 17:59:01 App is up to date.
2024-07-07 18:59:00 Checking for update using Github
2024-07-07 18:59:01 Success.
2024-07-07 18:59:01 Latest version is 1.6.5
2024-07-07 18:59:01 App is up to date.
2024-07-08 23:41:10 Loading main app package /usr/lib/obsidian/obsidian.asar
2024-07-08 23:41:11 Checking for update using Github
2024-07-08 23:41:11 Success.
2024-07-08 23:41:11 Latest version is 1.6.5
2024-07-08 23:41:11 App is up to date.
2024-07-09 00:48:52 Checking for update using Github
2024-07-09 00:48:52 Success.
2024-07-09 00:48:52 Latest version is 1.6.5
2024-07-09 00:48:52 App is up to date.
2024-07-09 01:48:52 Checking for update using Github
2024-07-09 01:48:52 Success.
2024-07-09 01:48:52 Latest version is 1.6.5
2024-07-09 01:48:52 App is up to date.
2024-07-09 02:48:52 Checking for update using Github
2024-07-09 02:48:52 Success.
2024-07-09 02:48:52 Latest version is 1.6.5
2024-07-09 02:48:52 App is up to date.
2024-07-10 14:48:35 Loading main app package /usr/lib/obsidian/obsidian.asar
2024-07-10 14:48:35 Checking for update using Github
2024-07-10 14:48:35 Failed to check for update using Github (net::ERR_INTERNET_DISCONNECTED)
2024-07-10 14:48:35 Checking for update using obsidian.md
2024-07-10 14:48:35 Failed to check for update using obsidian.md (net::ERR_INTERNET_DISCONNECTED)
2024-07-10 15:48:36 Checking for update using Github
2024-07-10 15:48:36 Success.
2024-07-10 15:48:36 Latest version is 1.6.5
2024-07-10 15:48:36 App is up to date.
2024-07-10 16:48:36 Checking for update using Github
2024-07-10 16:48:36 Success.
2024-07-10 16:48:36 Latest version is 1.6.5
2024-07-10 16:48:36 App is up to date.
2024-07-10 17:48:36 Checking for update using Github
2024-07-10 17:48:36 Success.
2024-07-10 17:48:36 Latest version is 1.6.5
2024-07-10 17:48:36 App is up to date.
2024-07-11 17:53:19 Loading main app package /usr/lib/obsidian/obsidian.asar
2024-07-11 17:53:20 Checking for update using Github
2024-07-11 17:53:20 Failed to check for update using Github (net::ERR_INTERNET_DISCONNECTED)
2024-07-11 17:53:20 Checking for update using obsidian.md
2024-07-11 17:53:20 Failed to check for update using obsidian.md (net::ERR_INTERNET_DISCONNECTED)
2024-07-11 17:54:01 Loading main app package /usr/lib/obsidian/obsidian.asar
2024-07-11 17:54:01 Checking for update using Github
2024-07-11 17:54:01 Failed to check for update using Github (net::ERR_INTERNET_DISCONNECTED)
2024-07-11 17:54:01 Checking for update using obsidian.md
2024-07-11 17:54:01 Failed to check for update using obsidian.md (net::ERR_INTERNET_DISCONNECTED)
2024-07-11 18:54:01 Checking for update using Github
2024-07-11 18:54:01 Success.
2024-07-11 18:54:01 Latest version is 1.6.5
2024-07-11 18:54:01 App is up to date.
2024-07-12 16:14:18 Loading main app package /usr/lib/obsidian/obsidian.asar
2024-07-12 16:14:19 Checking for update using Github
2024-07-12 16:14:19 Success.
2024-07-12 16:14:19 Latest version is 1.6.5
2024-07-12 16:14:19 App is up to date.
2024-07-12 17:14:19 Checking for update using Github
2024-07-12 17:14:19 Success.
2024-07-12 17:14:19 Latest version is 1.6.5
2024-07-12 17:14:19 App is up to date.
2024-07-15 15:50:51 Loading main app package /usr/lib/obsidian/obsidian.asar
2024-07-15 15:50:51 Checking for update using Github
2024-07-15 15:50:51 Failed to check for update using Github (net::ERR_INTERNET_DISCONNECTED)
2024-07-15 15:50:51 Checking for update using obsidian.md
2024-07-15 15:50:51 Failed to check for update using obsidian.md (net::ERR_INTERNET_DISCONNECTED)
2024-07-15 16:37:17 Loading main app package /usr/lib/obsidian/obsidian.asar
2024-07-15 16:37:17 Checking for update using Github
2024-07-15 16:37:17 Failed to check for update using Github (net::ERR_INTERNET_DISCONNECTED)
2024-07-15 16:37:17 Checking for update using obsidian.md
2024-07-15 16:37:17 Failed to check for update using obsidian.md (net::ERR_INTERNET_DISCONNECTED)
2024-07-15 17:25:03 Loading main app package /usr/lib/obsidian/obsidian.asar
2024-07-15 17:25:03 Checking for update using Github
2024-07-15 17:25:05 Success.
2024-07-15 17:25:05 Latest version is 1.6.5
2024-07-15 17:25:05 App is up to date.
2024-07-16 07:03:32 Loading main app package /usr/lib/obsidian/obsidian.asar
2024-07-16 07:03:32 Checking for update using Github
2024-07-16 07:03:32 Success.
2024-07-16 07:03:32 Latest version is 1.6.5
2024-07-16 07:03:32 App is up to date.
2024-07-16 08:03:32 Checking for update using Github
2024-07-16 08:03:32 Success.
2024-07-16 08:03:32 Latest version is 1.6.5
2024-07-16 08:03:32 App is up to date.
2024-07-18 12:46:00 Loading main app package /usr/lib/obsidian/obsidian.asar
2024-07-18 12:46:00 Checking for update using Github
2024-07-18 12:46:01 Failed to check for update using Github (net::ERR_INTERNET_DISCONNECTED)
2024-07-18 12:46:01 Checking for update using obsidian.md
2024-07-18 12:46:01 Failed to check for update using obsidian.md (net::ERR_INTERNET_DISCONNECTED)
2024-07-18 14:23:16 Loading main app package /usr/lib/obsidian/obsidian.asar
2024-07-18 14:23:17 Checking for update using Github
2024-07-18 14:23:17 Success.
2024-07-18 14:23:17 Latest version is 1.6.5
2024-07-18 14:23:17 App is up to date.
2024-07-18 15:01:25 Loading main app package /usr/lib/obsidian/obsidian.asar
2024-07-18 15:01:25 Checking for update using Github
2024-07-18 15:01:26 Success.
2024-07-18 15:01:26 Latest version is 1.6.5
2024-07-18 15:01:26 App is up to date.
2024-07-18 16:01:25 Checking for update using Github
2024-07-18 16:01:25 Success.
2024-07-18 16:01:25 Latest version is 1.6.7
2024-07-18 16:01:25 Downloading update from https://github.com/obsidianmd/obsidian-releases/releases/download/v1.6.7/obsidian-1.6.7.asar.gz
2024-07-18 16:01:29 Verifying hash & signature. Size= 7993245
2024-07-18 16:01:29 Saving file
2024-07-18 16:01:29 Update complete.
2024-07-18 17:01:25 Checking for update using Github
2024-07-18 17:01:25 Success.
2024-07-18 17:01:25 Latest version is 1.6.7
2024-07-18 17:01:25 An update is already downloaded.
2024-07-18 18:01:25 Checking for update using Github
2024-07-18 18:01:25 Success.
2024-07-18 18:01:25 Latest version is 1.6.7
2024-07-18 18:01:25 An update is already downloaded.
2024-07-19 16:48:51 Loading updated app package /home/aura/.config/obsidian/obsidian-1.6.7.asar
2024-07-19 16:48:51 Checking for update using Github
2024-07-19 16:48:52 Success.
2024-07-19 16:48:52 Latest version is 1.6.7
2024-07-19 16:48:52 App is up to date.
2024-07-19 17:48:51 Checking for update using Github
2024-07-19 17:48:51 Success.
2024-07-19 17:48:51 Latest version is 1.6.7
2024-07-19 17:48:51 App is up to date.
2024-07-19 18:04:13 Loading updated app package /home/aura/.config/obsidian/obsidian-1.6.7.asar
2024-07-19 18:04:14 Checking for update using Github
2024-07-21 01:24:06 Loading updated app package /home/aura/.config/obsidian/obsidian-1.6.7.asar
2024-07-21 01:24:06 Checking for update using Github
2024-07-21 01:24:07 Failed to check for update using Github (net::ERR_INTERNET_DISCONNECTED)
2024-07-21 01:24:07 Checking for update using obsidian.md
2024-07-21 01:24:07 Failed to check for update using obsidian.md (net::ERR_INTERNET_DISCONNECTED)
2024-07-21 04:21:32 Checking for update using Github
2024-07-21 04:21:32 Failed to check for update using Github (net::ERR_INTERNET_DISCONNECTED)
2024-07-21 04:21:32 Checking for update using obsidian.md
2024-07-21 04:21:32 Failed to check for update using obsidian.md (net::ERR_INTERNET_DISCONNECTED)
2024-07-21 14:09:44 Loading updated app package /home/aura/.config/obsidian/obsidian-1.6.7.asar
2024-07-21 14:09:44 Checking for update using Github
2024-07-21 14:09:51 Success.
2024-07-21 14:09:51 Latest version is 1.6.7
2024-07-21 14:09:51 App is up to date.
2024-07-21 15:09:44 Checking for update using Github
2024-07-21 15:10:19 Success.
2024-07-21 15:10:19 Latest version is 1.6.7
2024-07-21 15:10:19 App is up to date.
2024-07-22 14:27:33 Loading updated app package /home/aura/.config/obsidian/obsidian-1.6.7.asar
2024-07-22 14:27:33 Checking for update using Github
2024-07-22 14:27:34 Success.
2024-07-22 14:27:34 Latest version is 1.6.7
2024-07-22 14:27:34 App is up to date.
2024-07-22 15:34:43 Checking for update using Github
2024-07-22 15:34:44 Success.
2024-07-22 15:34:44 Latest version is 1.6.7
2024-07-22 15:34:44 App is up to date.
2024-07-23 06:00:45 Loading updated app package /home/aura/.config/obsidian/obsidian-1.6.7.asar
2024-07-23 06:00:45 Checking for update using Github
2024-07-23 06:00:46 Success.
2024-07-23 06:00:46 Latest version is 1.6.7
2024-07-23 06:00:46 App is up to date.
2024-07-23 14:16:48 Loading updated app package /home/aura/.config/obsidian/obsidian-1.6.7.asar
2024-07-23 14:16:49 Checking for update using Github
2024-07-23 14:16:51 Success.
2024-07-23 14:16:51 Latest version is 1.6.7
2024-07-23 14:16:51 App is up to date.
2024-07-23 14:31:18 Loading updated app package /home/aura/.config/obsidian/obsidian-1.6.7.asar
2024-07-23 14:31:18 Checking for update using Github
2024-07-23 15:37:24 Checking for update using Github
2024-07-23 15:37:24 Success.
2024-07-23 15:37:24 Latest version is 1.6.7
2024-07-23 15:37:24 App is up to date.
